# JRE version: OpenJDK Runtime Environment Temurin-17.0.7+7 (17.0.7+7) (build 17.0.7+7)
# Java VM: OpenJDK 64-Bit Server VM Temurin-17.0.7+7 (17.0.7+7, mixed mode, emulated-client, tiered, compressed oops, compressed class ptrs, g1 gc, linux-amd64)
GC Precious Log:
 CPUs: 8 total, 8 available
 Memory: 11994M
 Large Page Support: Disabled
 NUMA Support: Disabled
 Compressed Oops: Enabled (32-bit)
 Heap Region Size: 1M
 Heap Min Capacity: 8M
 Heap Initial Capacity: 188M
 Heap Max Capacity: 1G
 Pre-touch: Disabled
 Parallel Workers: 8
 Concurrent Workers: 2
 Concurrent Refinement Workers: 8
 Periodic GC: Disabled
Heap:
 garbage-first heap   total 157696K, used 110086K [0x00000000c0000000, 0x0000000100000000)
  region size 1024K, 75 young (76800K), 9 survivors (9216K)
 Metaspace       used 41702K, committed 42112K, reserved 1114112K
  class space    used 5383K, committed 5568K, reserved 1048576K
GC Heap History (20 events):
Event: 1,800 GC heap after
{Heap after GC invocations=2 (full 0):
 garbage-first heap   total 192512K, used 13223K [0x00000000c0000000, 0x0000000100000000)
  region size 1024K, 3 young (3072K), 3 survivors (3072K)
 Metaspace       used 16331K, committed 16576K, reserved 1114112K
  class space    used 2051K, committed 2176K, reserved 1048576K
}
Event: 2,209 GC heap before
{Heap before GC invocations=2 (full 0):
 garbage-first heap   total 192512K, used 32679K [0x00000000c0000000, 0x0000000100000000)
  region size 1024K, 24 young (24576K), 3 survivors (3072K)
 Metaspace       used 21266K, committed 21504K, reserved 1114112K
  class space    used 2622K, committed 2752K, reserved 1048576K
}
Event: 2,224 GC heap after
{Heap after GC invocations=3 (full 0):
 garbage-first heap   total 192512K, used 14971K [0x00000000c0000000, 0x0000000100000000)
  region size 1024K, 2 young (2048K), 2 survivors (2048K)
 Metaspace       used 21266K, committed 21504K, reserved 1114112K
  class space    used 2622K, committed 2752K, reserved 1048576K
}
Event: 2,686 GC heap before
{Heap before GC invocations=4 (full 0):
 garbage-first heap   total 58368K, used 41595K [0x00000000c0000000, 0x0000000100000000)
  region size 1024K, 30 young (30720K), 2 survivors (2048K)
 Metaspace       used 27078K, committed 27328K, reserved 1114112K
  class space    used 3402K, committed 3520K, reserved 1048576K
}
Event: 2,698 GC heap after
{Heap after GC invocations=5 (full 0):
 garbage-first heap   total 58368K, used 17227K [0x00000000c0000000, 0x0000000100000000)
  region size 1024K, 5 young (5120K), 5 survivors (5120K)
 Metaspace       used 27078K, committed 27328K, reserved 1114112K
  class space    used 3402K, committed 3520K, reserved 1048576K
}
Event: 3,065 GC heap before
{Heap before GC invocations=6 (full 0):
 garbage-first heap   total 58368K, used 37707K [0x00000000c0000000, 0x0000000100000000)
  region size 1024K, 25 young (25600K), 5 survivors (5120K)
 Metaspace       used 30188K, committed 30528K, reserved 1114112K
  class space    used 3845K, committed 4032K, reserved 1048576K
}
Event: 3,076 GC heap after
{Heap after GC invocations=7 (full 0):
 garbage-first heap   total 58368K, used 19064K [0x00000000c0000000, 0x0000000100000000)
  region size 1024K, 2 young (2048K), 2 survivors (2048K)
 Metaspace       used 30188K, committed 30528K, reserved 1114112K
  class space    used 3845K, committed 4032K, reserved 1048576K
}
Event: 3,302 GC heap before
{Heap before GC invocations=7 (full 0):
 garbage-first heap   total 58368K, used 38520K [0x00000000c0000000, 0x0000000100000000)
  region size 1024K, 22 young (22528K), 2 survivors (2048K)
 Metaspace       used 33034K, committed 33408K, reserved 1114112K
  class space    used 4230K, committed 4416K, reserved 1048576K
}
Event: 3,310 GC heap after
{Heap after GC invocations=8 (full 0):
 garbage-first heap   total 58368K, used 21704K [0x00000000c0000000, 0x0000000100000000)
  region size 1024K, 3 young (3072K), 3 survivors (3072K)
 Metaspace       used 33034K, committed 33408K, reserved 1114112K
  class space    used 4230K, committed 4416K, reserved 1048576K
}
Event: 3,700 GC heap before
{Heap before GC invocations=8 (full 0):
 garbage-first heap   total 58368K, used 41160K [0x00000000c0000000, 0x0000000100000000)
  region size 1024K, 22 young (22528K), 3 survivors (3072K)
 Metaspace       used 36963K, committed 37312K, reserved 1114112K
  class space    used 4832K, committed 4992K, reserved 1048576K
}
Event: 3,710 GC heap after
{Heap after GC invocations=9 (full 0):
 garbage-first heap   total 78848K, used 23676K [0x00000000c0000000, 0x0000000100000000)
  region size 1024K, 2 young (2048K), 2 survivors (2048K)
 Metaspace       used 36963K, committed 37312K, reserved 1114112K
  class space    used 4832K, committed 4992K, reserved 1048576K
}
Event: 3,911 GC heap before
{Heap before GC invocations=9 (full 0):
 garbage-first heap   total 78848K, used 56444K [0x00000000c0000000, 0x0000000100000000)
  region size 1024K, 34 young (34816K), 2 survivors (2048K)
 Metaspace       used 38831K, committed 39232K, reserved 1114112K
  class space    used 5134K, committed 5312K, reserved 1048576K
}
Event: 3,920 GC heap after
{Heap after GC invocations=10 (full 0):
 garbage-first heap   total 78848K, used 30639K [0x00000000c0000000, 0x0000000100000000)
  region size 1024K, 5 young (5120K), 5 survivors (5120K)
 Metaspace       used 38831K, committed 39232K, reserved 1114112K
  class space    used 5134K, committed 5312K, reserved 1048576K
}
Event: 3,954 GC heap before
{Heap before GC invocations=10 (full 0):
 garbage-first heap   total 78848K, used 55215K [0x00000000c0000000, 0x0000000100000000)
  region size 1024K, 30 young (30720K), 5 survivors (5120K)
 Metaspace       used 38833K, committed 39232K, reserved 1114112K
  class space    used 5134K, committed 5312K, reserved 1048576K
}
Event: 3,966 GC heap after
{Heap after GC invocations=11 (full 0):
 garbage-first heap   total 78848K, used 37064K [0x00000000c0000000, 0x0000000100000000)
  region size 1024K, 4 young (4096K), 4 survivors (4096K)
 Metaspace       used 38833K, committed 39232K, reserved 1114112K
  class space    used 5134K, committed 5312K, reserved 1048576K
}
Event: 4,055 GC heap before
{Heap before GC invocations=11 (full 0):
 garbage-first heap   total 78848K, used 56520K [0x00000000c0000000, 0x0000000100000000)
  region size 1024K, 24 young (24576K), 4 survivors (4096K)
 Metaspace       used 39702K, committed 40064K, reserved 1114112K
  class space    used 5227K, committed 5376K, reserved 1048576K
}
Event: 4,061 GC heap after
{Heap after GC invocations=12 (full 0):
 garbage-first heap   total 78848K, used 40227K [0x00000000c0000000, 0x0000000100000000)
  region size 1024K, 3 young (3072K), 3 survivors (3072K)
 Metaspace       used 39702K, committed 40064K, reserved 1114112K
  class space    used 5227K, committed 5376K, reserved 1048576K
}
Event: 4,105 GC heap before
{Heap before GC invocations=12 (full 0):
 garbage-first heap   total 78848K, used 57635K [0x00000000c0000000, 0x0000000100000000)
  region size 1024K, 21 young (21504K), 3 survivors (3072K)
 Metaspace       used 40283K, committed 40640K, reserved 1114112K
  class space    used 5285K, committed 5440K, reserved 1048576K
}
Event: 4,110 GC heap after
{Heap after GC invocations=13 (full 0):
 garbage-first heap   total 157696K, used 43526K [0x00000000c0000000, 0x0000000100000000)
  region size 1024K, 3 young (3072K), 3 survivors (3072K)
 Metaspace       used 40283K, committed 40640K, reserved 1114112K
  class space    used 5285K, committed 5440K, reserved 1048576K
}
Event: 4,287 GC heap before
{Heap before GC invocations=14 (full 0):
 garbage-first heap   total 157696K, used 109062K [0x00000000c0000000, 0x0000000100000000)
  region size 1024K, 69 young (70656K), 3 survivors (3072K)
 Metaspace       used 41702K, committed 42112K, reserved 1114112K
  class space    used 5383K, committed 5568K, reserved 1048576K
}

