# JRE version: OpenJDK Runtime Environment Temurin-17.0.7+7 (17.0.7+7) (build 17.0.7+7)
# Java VM: OpenJDK 64-Bit Server VM Temurin-17.0.7+7 (17.0.7+7, mixed mode, tiered, compressed oops, compressed class ptrs, g1 gc, linux-amd64)
GC Precious Log:
 CPUs: 8 total, 8 available
 Memory: 11994M
 Large Page Support: Disabled
 NUMA Support: Disabled
 Compressed Oops: Enabled (Zero based)
 Heap Region Size: 2M
 Heap Min Capacity: 8M
 Heap Initial Capacity: 188M
 Heap Max Capacity: 3000M
 Pre-touch: Disabled
 Parallel Workers: 8
 Concurrent Workers: 2
 Concurrent Refinement Workers: 8
 Periodic GC: Disabled
Heap:
 garbage-first heap   total 323584K, used 266681K [0x0000000744800000, 0x0000000800000000)
  region size 2048K, 91 young (186368K), 9 survivors (18432K)
 Metaspace       used 86908K, committed 88064K, reserved 1179648K
  class space    used 9391K, committed 9920K, reserved 1048576K
GC Heap History (20 events):
Event: 6,254 GC heap after
{Heap after GC invocations=22 (full 0):
 garbage-first heap   total 196608K, used 51719K [0x0000000744800000, 0x0000000800000000)
  region size 2048K, 3 young (6144K), 3 survivors (6144K)
 Metaspace       used 59182K, committed 60160K, reserved 1114112K
  class space    used 6426K, committed 6848K, reserved 1048576K
}
Event: 6,794 GC heap before
{Heap before GC invocations=23 (full 0):
 garbage-first heap   total 196608K, used 150023K [0x0000000744800000, 0x0000000800000000)
  region size 2048K, 52 young (106496K), 3 survivors (6144K)
 Metaspace       used 62465K, committed 63488K, reserved 1114112K
  class space    used 6736K, committed 7168K, reserved 1048576K
}
Event: 6,810 GC heap after
{Heap after GC invocations=24 (full 0):
 garbage-first heap   total 196608K, used 61939K [0x0000000744800000, 0x0000000800000000)
  region size 2048K, 7 young (14336K), 7 survivors (14336K)
 Metaspace       used 62465K, committed 63488K, reserved 1114112K
  class space    used 6736K, committed 7168K, reserved 1048576K
}
Event: 7,049 GC heap before
{Heap before GC invocations=25 (full 0):
 garbage-first heap   total 196608K, used 150003K [0x0000000744800000, 0x0000000800000000)
  region size 2048K, 51 young (104448K), 7 survivors (14336K)
 Metaspace       used 62905K, committed 63872K, reserved 1114112K
  class space    used 6764K, committed 7168K, reserved 1048576K
}
Event: 7,065 GC heap after
{Heap after GC invocations=26 (full 0):
 garbage-first heap   total 196608K, used 70144K [0x0000000744800000, 0x0000000800000000)
  region size 2048K, 4 young (8192K), 4 survivors (8192K)
 Metaspace       used 62905K, committed 63872K, reserved 1114112K
  class space    used 6764K, committed 7168K, reserved 1048576K
}
Event: 7,277 GC heap before
{Heap before GC invocations=26 (full 0):
 garbage-first heap   total 196608K, used 150016K [0x0000000744800000, 0x0000000800000000)
  region size 2048K, 44 young (90112K), 4 survivors (8192K)
 Metaspace       used 62932K, committed 63936K, reserved 1114112K
  class space    used 6767K, committed 7168K, reserved 1048576K
}
Event: 7,289 GC heap after
{Heap after GC invocations=27 (full 0):
 garbage-first heap   total 196608K, used 74511K [0x0000000744800000, 0x0000000800000000)
  region size 2048K, 3 young (6144K), 3 survivors (6144K)
 Metaspace       used 62932K, committed 63936K, reserved 1114112K
  class space    used 6767K, committed 7168K, reserved 1048576K
}
Event: 8,036 GC heap before
{Heap before GC invocations=27 (full 0):
 garbage-first heap   total 196608K, used 154383K [0x0000000744800000, 0x0000000800000000)
  region size 2048K, 43 young (88064K), 3 survivors (6144K)
 Metaspace       used 67371K, committed 68416K, reserved 1114112K
  class space    used 7267K, committed 7680K, reserved 1048576K
}
Event: 8,055 GC heap after
{Heap after GC invocations=28 (full 0):
 garbage-first heap   total 196608K, used 79350K [0x0000000744800000, 0x0000000800000000)
  region size 2048K, 5 young (10240K), 5 survivors (10240K)
 Metaspace       used 67371K, committed 68416K, reserved 1114112K
  class space    used 7267K, committed 7680K, reserved 1048576K
}
Event: 8,698 GC heap before
{Heap before GC invocations=28 (full 0):
 garbage-first heap   total 196608K, used 155126K [0x0000000744800000, 0x0000000800000000)
  region size 2048K, 43 young (88064K), 5 survivors (10240K)
 Metaspace       used 69122K, committed 70208K, reserved 1114112K
  class space    used 7409K, committed 7872K, reserved 1048576K
}
Event: 8,716 GC heap after
{Heap after GC invocations=29 (full 0):
 garbage-first heap   total 323584K, used 80047K [0x0000000744800000, 0x0000000800000000)
  region size 2048K, 3 young (6144K), 3 survivors (6144K)
 Metaspace       used 69122K, committed 70208K, reserved 1114112K
  class space    used 7409K, committed 7872K, reserved 1048576K
}
Event: 13,634 GC heap before
{Heap before GC invocations=29 (full 0):
 garbage-first heap   total 323584K, used 245935K [0x0000000744800000, 0x0000000800000000)
  region size 2048K, 85 young (174080K), 3 survivors (6144K)
 Metaspace       used 71785K, committed 72896K, reserved 1114112K
  class space    used 7638K, committed 8128K, reserved 1048576K
}
Event: 13,648 GC heap after
{Heap after GC invocations=30 (full 0):
 garbage-first heap   total 323584K, used 91873K [0x0000000744800000, 0x0000000800000000)
  region size 2048K, 9 young (18432K), 9 survivors (18432K)
 Metaspace       used 71785K, committed 72896K, reserved 1114112K
  class space    used 7638K, committed 8128K, reserved 1048576K
}
Event: 176,228 GC heap before
{Heap before GC invocations=30 (full 0):
 garbage-first heap   total 323584K, used 255713K [0x0000000744800000, 0x0000000800000000)
  region size 2048K, 90 young (184320K), 9 survivors (18432K)
 Metaspace       used 80158K, committed 81216K, reserved 1179648K
  class space    used 8671K, committed 9152K, reserved 1048576K
}
Event: 176,244 GC heap after
{Heap after GC invocations=31 (full 0):
 garbage-first heap   total 323584K, used 94957K [0x0000000744800000, 0x0000000800000000)
  region size 2048K, 4 young (8192K), 4 survivors (8192K)
 Metaspace       used 80158K, committed 81216K, reserved 1179648K
  class space    used 8671K, committed 9152K, reserved 1048576K
}
Event: 180,324 GC heap before
{Heap before GC invocations=31 (full 0):
 garbage-first heap   total 323584K, used 256749K [0x0000000744800000, 0x0000000800000000)
  region size 2048K, 84 young (172032K), 4 survivors (8192K)
 Metaspace       used 84457K, committed 85696K, reserved 1179648K
  class space    used 9184K, committed 9792K, reserved 1048576K
}
Event: 180,332 GC heap after
{Heap after GC invocations=32 (full 0):
 garbage-first heap   total 323584K, used 95160K [0x0000000744800000, 0x0000000800000000)
  region size 2048K, 4 young (8192K), 4 survivors (8192K)
 Metaspace       used 84457K, committed 85696K, reserved 1179648K
  class space    used 9184K, committed 9792K, reserved 1048576K
}
Event: 233,530 GC heap before
{Heap before GC invocations=32 (full 0):
 garbage-first heap   total 323584K, used 261048K [0x0000000744800000, 0x0000000800000000)
  region size 2048K, 86 young (176128K), 4 survivors (8192K)
 Metaspace       used 86068K, committed 87296K, reserved 1179648K
  class space    used 9347K, committed 9920K, reserved 1048576K
}
Event: 233,543 GC heap after
{Heap after GC invocations=33 (full 0):
 garbage-first heap   total 323584K, used 98745K [0x0000000744800000, 0x0000000800000000)
  region size 2048K, 5 young (10240K), 5 survivors (10240K)
 Metaspace       used 86068K, committed 87296K, reserved 1179648K
  class space    used 9347K, committed 9920K, reserved 1048576K
}
Event: 680,104 GC heap before
{Heap before GC invocations=33 (full 0):
 garbage-first heap   total 323584K, used 264633K [0x0000000744800000, 0x0000000800000000)
  region size 2048K, 87 young (178176K), 5 survivors (10240K)
 Metaspace       used 86908K, committed 88064K, reserved 1179648K
  class space    used 9391K, committed 9920K, reserved 1048576K
}

