# JRE version: OpenJDK Runtime Environment Temurin-17.0.7+7 (17.0.7+7) (build 17.0.7+7)
# Java VM: OpenJDK 64-Bit Server VM Temurin-17.0.7+7 (17.0.7+7, mixed mode, tiered, compressed oops, compressed class ptrs, g1 gc, linux-amd64)
GC Precious Log:
 CPUs: 8 total, 8 available
 Memory: 11994M
 Large Page Support: Disabled
 NUMA Support: Disabled
 Compressed Oops: Enabled (Zero based)
 Heap Region Size: 2M
 Heap Min Capacity: 8M
 Heap Initial Capacity: 188M
 Heap Max Capacity: 3000M
 Pre-touch: Disabled
 Parallel Workers: 8
 Concurrent Workers: 2
 Concurrent Refinement Workers: 8
 Periodic GC: Disabled
Heap:
 garbage-first heap   total 421888K, used 341609K [0x0000000744800000, 0x0000000800000000)
  region size 2048K, 104 young (212992K), 13 survivors (26624K)
 Metaspace       used 88706K, committed 89984K, reserved 1179648K
  class space    used 9463K, committed 9984K, reserved 1048576K
GC Heap History (20 events):
Event: 9,955 GC heap after
{Heap after GC invocations=32 (full 0):
 garbage-first heap   total 421888K, used 106964K [0x0000000744800000, 0x0000000800000000)
  region size 2048K, 6 young (12288K), 6 survivors (12288K)
 Metaspace       used 68464K, committed 69504K, reserved 1114112K
  class space    used 7343K, committed 7744K, reserved 1048576K
}
Event: 10,825 GC heap before
{Heap before GC invocations=32 (full 0):
 garbage-first heap   total 421888K, used 240084K [0x0000000744800000, 0x0000000800000000)
  region size 2048K, 72 young (147456K), 6 survivors (12288K)
 Metaspace       used 70483K, committed 71680K, reserved 1114112K
  class space    used 7555K, committed 8064K, reserved 1048576K
}
Event: 10,870 GC heap after
{Heap after GC invocations=33 (full 0):
 garbage-first heap   total 421888K, used 110173K [0x0000000744800000, 0x0000000800000000)
  region size 2048K, 9 young (18432K), 9 survivors (18432K)
 Metaspace       used 70483K, committed 71680K, reserved 1114112K
  class space    used 7555K, committed 8064K, reserved 1048576K
}
Event: 253,285 GC heap before
{Heap before GC invocations=33 (full 0):
 garbage-first heap   total 421888K, used 245341K [0x0000000744800000, 0x0000000800000000)
  region size 2048K, 76 young (155648K), 9 survivors (18432K)
 Metaspace       used 74983K, committed 76224K, reserved 1179648K
  class space    used 8077K, committed 8576K, reserved 1048576K
}
Event: 253,329 GC heap after
{Heap after GC invocations=34 (full 0):
 garbage-first heap   total 421888K, used 135562K [0x0000000744800000, 0x0000000800000000)
  region size 2048K, 10 young (20480K), 10 survivors (20480K)
 Metaspace       used 74983K, committed 76224K, reserved 1179648K
  class space    used 8077K, committed 8576K, reserved 1048576K
}
Event: 349,175 GC heap before
{Heap before GC invocations=34 (full 0):
 garbage-first heap   total 421888K, used 268682K [0x0000000744800000, 0x0000000800000000)
  region size 2048K, 76 young (155648K), 10 survivors (20480K)
 Metaspace       used 76997K, committed 78272K, reserved 1179648K
  class space    used 8286K, committed 8832K, reserved 1048576K
}
Event: 349,186 GC heap after
{Heap after GC invocations=35 (full 0):
 garbage-first heap   total 421888K, used 135099K [0x0000000744800000, 0x0000000800000000)
  region size 2048K, 2 young (4096K), 2 survivors (4096K)
 Metaspace       used 76997K, committed 78272K, reserved 1179648K
  class space    used 8286K, committed 8832K, reserved 1048576K
}
Event: 371,609 GC heap before
{Heap before GC invocations=35 (full 0):
 garbage-first heap   total 421888K, used 298939K [0x0000000744800000, 0x0000000800000000)
  region size 2048K, 83 young (169984K), 2 survivors (4096K)
 Metaspace       used 77699K, committed 78976K, reserved 1179648K
  class space    used 8319K, committed 8896K, reserved 1048576K
}
Event: 371,630 GC heap after
{Heap after GC invocations=36 (full 0):
 garbage-first heap   total 421888K, used 138859K [0x0000000744800000, 0x0000000800000000)
  region size 2048K, 4 young (8192K), 4 survivors (8192K)
 Metaspace       used 77699K, committed 78976K, reserved 1179648K
  class space    used 8319K, committed 8896K, reserved 1048576K
}
Event: 424,413 GC heap before
{Heap before GC invocations=36 (full 0):
 garbage-first heap   total 421888K, used 310891K [0x0000000744800000, 0x0000000800000000)
  region size 2048K, 89 young (182272K), 4 survivors (8192K)
 Metaspace       used 83007K, committed 84352K, reserved 1179648K
  class space    used 8957K, committed 9536K, reserved 1048576K
}
Event: 424,435 GC heap after
{Heap after GC invocations=37 (full 0):
 garbage-first heap   total 421888K, used 142785K [0x0000000744800000, 0x0000000800000000)
  region size 2048K, 6 young (12288K), 6 survivors (12288K)
 Metaspace       used 83007K, committed 84352K, reserved 1179648K
  class space    used 8957K, committed 9536K, reserved 1048576K
}
Event: 469,255 GC heap before
{Heap before GC invocations=37 (full 0):
 garbage-first heap   total 421888K, used 316865K [0x0000000744800000, 0x0000000800000000)
  region size 2048K, 92 young (188416K), 6 survivors (12288K)
 Metaspace       used 83909K, committed 85184K, reserved 1179648K
  class space    used 9004K, committed 9536K, reserved 1048576K
}
Event: 469,276 GC heap after
{Heap after GC invocations=38 (full 0):
 garbage-first heap   total 421888K, used 147328K [0x0000000744800000, 0x0000000800000000)
  region size 2048K, 8 young (16384K), 8 survivors (16384K)
 Metaspace       used 83909K, committed 85184K, reserved 1179648K
  class space    used 9004K, committed 9536K, reserved 1048576K
}
Event: 566,250 GC heap before
{Heap before GC invocations=38 (full 0):
 garbage-first heap   total 421888K, used 323456K [0x0000000744800000, 0x0000000800000000)
  region size 2048K, 95 young (194560K), 8 survivors (16384K)
 Metaspace       used 85256K, committed 86528K, reserved 1179648K
  class space    used 9135K, committed 9664K, reserved 1048576K
}
Event: 566,261 GC heap after
{Heap after GC invocations=39 (full 0):
 garbage-first heap   total 421888K, used 143756K [0x0000000744800000, 0x0000000800000000)
  region size 2048K, 2 young (4096K), 2 survivors (4096K)
 Metaspace       used 85256K, committed 86528K, reserved 1179648K
  class space    used 9135K, committed 9664K, reserved 1048576K
}
Event: 597,029 GC heap before
{Heap before GC invocations=39 (full 0):
 garbage-first heap   total 421888K, used 334220K [0x0000000744800000, 0x0000000800000000)
  region size 2048K, 96 young (196608K), 2 survivors (4096K)
 Metaspace       used 85929K, committed 87232K, reserved 1179648K
  class space    used 9153K, committed 9728K, reserved 1048576K
}
Event: 597,052 GC heap after
{Heap after GC invocations=40 (full 0):
 garbage-first heap   total 421888K, used 153815K [0x0000000744800000, 0x0000000800000000)
  region size 2048K, 7 young (14336K), 7 survivors (14336K)
 Metaspace       used 85929K, committed 87232K, reserved 1179648K
  class space    used 9153K, committed 9728K, reserved 1048576K
}
Event: 711,948 GC heap before
{Heap before GC invocations=40 (full 0):
 garbage-first heap   total 421888K, used 331991K [0x0000000744800000, 0x0000000800000000)
  region size 2048K, 94 young (192512K), 7 survivors (14336K)
 Metaspace       used 86363K, committed 87616K, reserved 1179648K
  class space    used 9154K, committed 9728K, reserved 1048576K
}
Event: 711,960 GC heap after
{Heap after GC invocations=41 (full 0):
 garbage-first heap   total 421888K, used 155241K [0x0000000744800000, 0x0000000800000000)
  region size 2048K, 7 young (14336K), 7 survivors (14336K)
 Metaspace       used 86363K, committed 87616K, reserved 1179648K
  class space    used 9154K, committed 9728K, reserved 1048576K
}
Event: 768,173 GC heap before
{Heap before GC invocations=41 (full 0):
 garbage-first heap   total 421888K, used 339561K [0x0000000744800000, 0x0000000800000000)
  region size 2048K, 98 young (200704K), 7 survivors (14336K)
 Metaspace       used 88706K, committed 89984K, reserved 1179648K
  class space    used 9463K, committed 9984K, reserved 1048576K
}

