# JRE version: OpenJDK Runtime Environment Temurin-17.0.7+7 (17.0.7+7) (build 17.0.7+7)
# Java VM: OpenJDK 64-Bit Server VM Temurin-17.0.7+7 (17.0.7+7, mixed mode, tiered, compressed oops, compressed class ptrs, g1 gc, linux-amd64)
GC Precious Log:
 CPUs: 8 total, 8 available
 Memory: 11994M
 Large Page Support: Disabled
 NUMA Support: Disabled
 Compressed Oops: Enabled (Zero based)
 Heap Region Size: 2M
 Heap Min Capacity: 8M
 Heap Initial Capacity: 188M
 Heap Max Capacity: 3000M
 Pre-touch: Disabled
 Parallel Workers: 8
 Concurrent Workers: 2
 Concurrent Refinement Workers: 8
 Periodic GC: Disabled
Heap:
 garbage-first heap   total 559104K, used 276876K [0x0000000744800000, 0x0000000800000000)
  region size 2048K, 68 young (139264K), 12 survivors (24576K)
 Metaspace       used 91229K, committed 92608K, reserved 1179648K
  class space    used 9449K, committed 10048K, reserved 1048576K
GC Heap History (20 events):
Event: 257,783 GC heap before
{Heap before GC invocations=40 (full 0):
 garbage-first heap   total 559104K, used 460893K [0x0000000744800000, 0x0000000800000000)
  region size 2048K, 159 young (325632K), 12 survivors (24576K)
 Metaspace       used 87734K, committed 89024K, reserved 1179648K
  class space    used 9162K, committed 9728K, reserved 1048576K
}
Event: 257,792 GC heap after
{Heap after GC invocations=41 (full 0):
 garbage-first heap   total 559104K, used 152485K [0x0000000744800000, 0x0000000800000000)
  region size 2048K, 5 young (10240K), 5 survivors (10240K)
 Metaspace       used 87734K, committed 89024K, reserved 1179648K
  class space    used 9162K, committed 9728K, reserved 1048576K
}
Event: 619,411 GC heap before
{Heap before GC invocations=41 (full 0):
 garbage-first heap   total 559104K, used 459685K [0x0000000744800000, 0x0000000800000000)
  region size 2048K, 156 young (319488K), 5 survivors (10240K)
 Metaspace       used 88218K, committed 89536K, reserved 1179648K
  class space    used 9191K, committed 9728K, reserved 1048576K
}
Event: 619,421 GC heap after
{Heap after GC invocations=42 (full 0):
 garbage-first heap   total 559104K, used 153750K [0x0000000744800000, 0x0000000800000000)
  region size 2048K, 6 young (12288K), 6 survivors (12288K)
 Metaspace       used 88218K, committed 89536K, reserved 1179648K
  class space    used 9191K, committed 9728K, reserved 1048576K
}
Event: 656,438 GC heap before
{Heap before GC invocations=42 (full 0):
 garbage-first heap   total 559104K, used 460950K [0x0000000744800000, 0x0000000800000000)
  region size 2048K, 157 young (321536K), 6 survivors (12288K)
 Metaspace       used 88381K, committed 89664K, reserved 1179648K
  class space    used 9202K, committed 9728K, reserved 1048576K
}
Event: 656,449 GC heap after
{Heap after GC invocations=43 (full 0):
 garbage-first heap   total 559104K, used 157489K [0x0000000744800000, 0x0000000800000000)
  region size 2048K, 8 young (16384K), 8 survivors (16384K)
 Metaspace       used 88381K, committed 89664K, reserved 1179648K
  class space    used 9202K, committed 9728K, reserved 1048576K
}
Event: 667,093 GC heap before
{Heap before GC invocations=43 (full 0):
 garbage-first heap   total 559104K, used 462641K [0x0000000744800000, 0x0000000800000000)
  region size 2048K, 158 young (323584K), 8 survivors (16384K)
 Metaspace       used 88529K, committed 89792K, reserved 1179648K
  class space    used 9203K, committed 9728K, reserved 1048576K
}
Event: 667,102 GC heap after
{Heap after GC invocations=44 (full 0):
 garbage-first heap   total 559104K, used 150561K [0x0000000744800000, 0x0000000800000000)
  region size 2048K, 4 young (8192K), 4 survivors (8192K)
 Metaspace       used 88529K, committed 89792K, reserved 1179648K
  class space    used 9203K, committed 9728K, reserved 1048576K
}
Event: 676,893 GC heap before
{Heap before GC invocations=44 (full 0):
 garbage-first heap   total 559104K, used 470049K [0x0000000744800000, 0x0000000800000000)
  region size 2048K, 161 young (329728K), 4 survivors (8192K)
 Metaspace       used 88635K, committed 89984K, reserved 1179648K
  class space    used 9203K, committed 9728K, reserved 1048576K
}
Event: 676,904 GC heap after
{Heap after GC invocations=45 (full 0):
 garbage-first heap   total 559104K, used 154860K [0x0000000744800000, 0x0000000800000000)
  region size 2048K, 7 young (14336K), 7 survivors (14336K)
 Metaspace       used 88635K, committed 89984K, reserved 1179648K
  class space    used 9203K, committed 9728K, reserved 1048576K
}
Event: 698,483 GC heap before
{Heap before GC invocations=45 (full 0):
 garbage-first heap   total 559104K, used 470252K [0x0000000744800000, 0x0000000800000000)
  region size 2048K, 162 young (331776K), 7 survivors (14336K)
 Metaspace       used 88823K, committed 90112K, reserved 1179648K
  class space    used 9205K, committed 9728K, reserved 1048576K
}
Event: 698,492 GC heap after
{Heap after GC invocations=46 (full 0):
 garbage-first heap   total 559104K, used 155420K [0x0000000744800000, 0x0000000800000000)
  region size 2048K, 7 young (14336K), 7 survivors (14336K)
 Metaspace       used 88823K, committed 90112K, reserved 1179648K
  class space    used 9205K, committed 9728K, reserved 1048576K
}
Event: 715,349 GC heap before
{Heap before GC invocations=46 (full 0):
 garbage-first heap   total 559104K, used 472860K [0x0000000744800000, 0x0000000800000000)
  region size 2048K, 163 young (333824K), 7 survivors (14336K)
 Metaspace       used 89078K, committed 90368K, reserved 1179648K
  class space    used 9212K, committed 9728K, reserved 1048576K
}
Event: 715,359 GC heap after
{Heap after GC invocations=47 (full 0):
 garbage-first heap   total 559104K, used 151119K [0x0000000744800000, 0x0000000800000000)
  region size 2048K, 5 young (10240K), 5 survivors (10240K)
 Metaspace       used 89078K, committed 90368K, reserved 1179648K
  class space    used 9212K, committed 9728K, reserved 1048576K
}
Event: 736,682 GC heap before
{Heap before GC invocations=47 (full 0):
 garbage-first heap   total 559104K, used 472655K [0x0000000744800000, 0x0000000800000000)
  region size 2048K, 163 young (333824K), 5 survivors (10240K)
 Metaspace       used 89392K, committed 90624K, reserved 1179648K
  class space    used 9216K, committed 9728K, reserved 1048576K
}
Event: 736,692 GC heap after
{Heap after GC invocations=48 (full 0):
 garbage-first heap   total 559104K, used 152823K [0x0000000744800000, 0x0000000800000000)
  region size 2048K, 6 young (12288K), 6 survivors (12288K)
 Metaspace       used 89392K, committed 90624K, reserved 1179648K
  class space    used 9216K, committed 9728K, reserved 1048576K
}
Event: 743,504 GC heap before
{Heap before GC invocations=48 (full 0):
 garbage-first heap   total 559104K, used 472311K [0x0000000744800000, 0x0000000800000000)
  region size 2048K, 163 young (333824K), 6 survivors (12288K)
 Metaspace       used 90156K, committed 91456K, reserved 1179648K
  class space    used 9284K, committed 9792K, reserved 1048576K
}
Event: 743,521 GC heap after
{Heap after GC invocations=49 (full 0):
 garbage-first heap   total 559104K, used 164188K [0x0000000744800000, 0x0000000800000000)
  region size 2048K, 11 young (22528K), 11 survivors (22528K)
 Metaspace       used 90156K, committed 91456K, reserved 1179648K
  class space    used 9284K, committed 9792K, reserved 1048576K
}
Event: 744,356 GC heap before
{Heap before GC invocations=49 (full 0):
 garbage-first heap   total 559104K, used 467292K [0x0000000744800000, 0x0000000800000000)
  region size 2048K, 160 young (327680K), 11 survivors (22528K)
 Metaspace       used 91170K, committed 92480K, reserved 1179648K
  class space    used 9445K, committed 9984K, reserved 1048576K
}
Event: 744,374 GC heap after
{Heap after GC invocations=50 (full 0):
 garbage-first heap   total 559104K, used 166284K [0x0000000744800000, 0x0000000800000000)
  region size 2048K, 12 young (24576K), 12 survivors (24576K)
 Metaspace       used 91170K, committed 92480K, reserved 1179648K
  class space    used 9445K, committed 9984K, reserved 1048576K
}

