# JRE version: OpenJDK Runtime Environment Temurin-17.0.7+7 (17.0.7+7) (build 17.0.7+7)
# Java VM: OpenJDK 64-Bit Server VM Temurin-17.0.7+7 (17.0.7+7, mixed mode, tiered, compressed oops, compressed class ptrs, g1 gc, linux-amd64)
GC Precious Log:
 CPUs: 8 total, 8 available
 Memory: 11994M
 Large Page Support: Disabled
 NUMA Support: Disabled
 Compressed Oops: Enabled (Zero based)
 Heap Region Size: 2M
 Heap Min Capacity: 8M
 Heap Initial Capacity: 188M
 Heap Max Capacity: 3000M
 Pre-touch: Disabled
 Parallel Workers: 8
 Concurrent Workers: 2
 Concurrent Refinement Workers: 8
 Periodic GC: Disabled
Heap:
 garbage-first heap   total 487424K, used 214848K [0x0000000744800000, 0x0000000800000000)
  region size 2048K, 45 young (92160K), 15 survivors (30720K)
 Metaspace       used 76036K, committed 77312K, reserved 1179648K
  class space    used 7990K, committed 8512K, reserved 1048576K
GC Heap History (20 events):
Event: 50,389 GC heap before
{Heap before GC invocations=37 (full 0):
 garbage-first heap   total 215040K, used 97488K [0x0000000744800000, 0x0000000800000000)
  region size 2048K, 5 young (10240K), 1 survivors (2048K)
 Metaspace       used 73141K, committed 74368K, reserved 1179648K
  class space    used 7715K, committed 8256K, reserved 1048576K
}
Event: 50,397 GC heap after
{Heap after GC invocations=38 (full 0):
 garbage-first heap   total 215040K, used 97874K [0x0000000744800000, 0x0000000800000000)
  region size 2048K, 1 young (2048K), 1 survivors (2048K)
 Metaspace       used 73141K, committed 74368K, reserved 1179648K
  class space    used 7715K, committed 8256K, reserved 1048576K
}
Event: 67,436 GC heap before
{Heap before GC invocations=38 (full 0):
 garbage-first heap   total 215040K, used 165458K [0x0000000744800000, 0x0000000800000000)
  region size 2048K, 34 young (69632K), 1 survivors (2048K)
 Metaspace       used 73260K, committed 74432K, reserved 1179648K
  class space    used 7725K, committed 8256K, reserved 1048576K
}
Event: 67,452 GC heap after
{Heap after GC invocations=39 (full 0):
 garbage-first heap   total 215040K, used 112543K [0x0000000744800000, 0x0000000800000000)
  region size 2048K, 5 young (10240K), 5 survivors (10240K)
 Metaspace       used 73260K, committed 74432K, reserved 1179648K
  class space    used 7725K, committed 8256K, reserved 1048576K
}
Event: 67,608 GC heap before
{Heap before GC invocations=39 (full 0):
 garbage-first heap   total 215040K, used 165791K [0x0000000744800000, 0x0000000800000000)
  region size 2048K, 32 young (65536K), 5 survivors (10240K)
 Metaspace       used 73445K, committed 74624K, reserved 1179648K
  class space    used 7750K, committed 8256K, reserved 1048576K
}
Event: 67,624 GC heap after
{Heap after GC invocations=40 (full 0):
 garbage-first heap   total 215040K, used 128828K [0x0000000744800000, 0x0000000800000000)
  region size 2048K, 4 young (8192K), 4 survivors (8192K)
 Metaspace       used 73445K, committed 74624K, reserved 1179648K
  class space    used 7750K, committed 8256K, reserved 1048576K
}
Event: 67,799 GC heap before
{Heap before GC invocations=41 (full 0):
 garbage-first heap   total 243712K, used 163644K [0x0000000744800000, 0x0000000800000000)
  region size 2048K, 22 young (45056K), 4 survivors (8192K)
 Metaspace       used 73475K, committed 74624K, reserved 1179648K
  class space    used 7750K, committed 8256K, reserved 1048576K
}
Event: 67,805 GC heap after
{Heap after GC invocations=42 (full 0):
 garbage-first heap   total 243712K, used 127612K [0x0000000744800000, 0x0000000800000000)
  region size 2048K, 1 young (2048K), 1 survivors (2048K)
 Metaspace       used 73475K, committed 74624K, reserved 1179648K
  class space    used 7750K, committed 8256K, reserved 1048576K
}
Event: 67,828 GC heap before
{Heap before GC invocations=42 (full 0):
 garbage-first heap   total 243712K, used 133756K [0x0000000744800000, 0x0000000800000000)
  region size 2048K, 5 young (10240K), 1 survivors (2048K)
 Metaspace       used 73478K, committed 74688K, reserved 1179648K
  class space    used 7750K, committed 8256K, reserved 1048576K
}
Event: 67,834 GC heap after
{Heap after GC invocations=43 (full 0):
 garbage-first heap   total 243712K, used 109308K [0x0000000744800000, 0x0000000800000000)
  region size 2048K, 1 young (2048K), 1 survivors (2048K)
 Metaspace       used 73478K, committed 74688K, reserved 1179648K
  class space    used 7750K, committed 8256K, reserved 1048576K
}
Event: 68,472 GC heap before
{Heap before GC invocations=43 (full 0):
 garbage-first heap   total 243712K, used 174844K [0x0000000744800000, 0x0000000800000000)
  region size 2048K, 34 young (69632K), 1 survivors (2048K)
 Metaspace       used 73616K, committed 74816K, reserved 1179648K
  class space    used 7750K, committed 8256K, reserved 1048576K
}
Event: 68,480 GC heap after
{Heap after GC invocations=44 (full 0):
 garbage-first heap   total 243712K, used 117441K [0x0000000744800000, 0x0000000800000000)
  region size 2048K, 5 young (10240K), 5 survivors (10240K)
 Metaspace       used 73616K, committed 74816K, reserved 1179648K
  class space    used 7750K, committed 8256K, reserved 1048576K
}
Event: 68,894 GC heap before
{Heap before GC invocations=44 (full 0):
 garbage-first heap   total 243712K, used 176833K [0x0000000744800000, 0x0000000800000000)
  region size 2048K, 35 young (71680K), 5 survivors (10240K)
 Metaspace       used 73676K, committed 74816K, reserved 1179648K
  class space    used 7750K, committed 8256K, reserved 1048576K
}
Event: 68,913 GC heap after
{Heap after GC invocations=45 (full 0):
 garbage-first heap   total 487424K, used 133899K [0x0000000744800000, 0x0000000800000000)
  region size 2048K, 5 young (10240K), 5 survivors (10240K)
 Metaspace       used 73676K, committed 74816K, reserved 1179648K
  class space    used 7750K, committed 8256K, reserved 1048576K
}
Event: 69,385 GC heap before
{Heap before GC invocations=45 (full 0):
 garbage-first heap   total 487424K, used 307979K [0x0000000744800000, 0x0000000800000000)
  region size 2048K, 91 young (186368K), 5 survivors (10240K)
 Metaspace       used 73741K, committed 74880K, reserved 1179648K
  class space    used 7751K, committed 8256K, reserved 1048576K
}
Event: 69,405 GC heap after
{Heap after GC invocations=46 (full 0):
 garbage-first heap   total 487424K, used 135947K [0x0000000744800000, 0x0000000800000000)
  region size 2048K, 6 young (12288K), 6 survivors (12288K)
 Metaspace       used 73741K, committed 74880K, reserved 1179648K
  class space    used 7751K, committed 8256K, reserved 1048576K
}
Event: 69,767 GC heap before
{Heap before GC invocations=46 (full 0):
 garbage-first heap   total 487424K, used 320267K [0x0000000744800000, 0x0000000800000000)
  region size 2048K, 97 young (198656K), 6 survivors (12288K)
 Metaspace       used 73766K, committed 74880K, reserved 1179648K
  class space    used 7754K, committed 8256K, reserved 1048576K
}
Event: 69,798 GC heap after
{Heap after GC invocations=47 (full 0):
 garbage-first heap   total 487424K, used 141409K [0x0000000744800000, 0x0000000800000000)
  region size 2048K, 9 young (18432K), 9 survivors (18432K)
 Metaspace       used 73766K, committed 74880K, reserved 1179648K
  class space    used 7754K, committed 8256K, reserved 1048576K
}
Event: 89,663 GC heap before
{Heap before GC invocations=47 (full 0):
 garbage-first heap   total 487424K, used 358497K [0x0000000744800000, 0x0000000800000000)
  region size 2048K, 116 young (237568K), 9 survivors (18432K)
 Metaspace       used 75929K, committed 77184K, reserved 1179648K
  class space    used 7984K, committed 8512K, reserved 1048576K
}
Event: 89,708 GC heap after
{Heap after GC invocations=48 (full 0):
 garbage-first heap   total 487424K, used 157504K [0x0000000744800000, 0x0000000800000000)
  region size 2048K, 15 young (30720K), 15 survivors (30720K)
 Metaspace       used 75929K, committed 77184K, reserved 1179648K
  class space    used 7984K, committed 8512K, reserved 1048576K
}

