# JRE version: OpenJDK Runtime Environment Temurin-17.0.7+7 (17.0.7+7) (build 17.0.7+7)
# Java VM: OpenJDK 64-Bit Server VM Temurin-17.0.7+7 (17.0.7+7, mixed mode, tiered, compressed oops, compressed class ptrs, g1 gc, linux-amd64)
GC Precious Log:
 CPUs: 8 total, 8 available
 Memory: 11994M
 Large Page Support: Disabled
 NUMA Support: Disabled
 Compressed Oops: Enabled (Zero based)
 Heap Region Size: 2M
 Heap Min Capacity: 8M
 Heap Initial Capacity: 188M
 Heap Max Capacity: 3000M
 Pre-touch: Disabled
 Parallel Workers: 8
 Concurrent Workers: 2
 Concurrent Refinement Workers: 8
 Periodic GC: Disabled
Heap:
 garbage-first heap   total 471040K, used 148938K [0x0000000744800000, 0x0000000800000000)
  region size 2048K, 37 young (75776K), 7 survivors (14336K)
 Metaspace       used 72899K, committed 74112K, reserved 1179648K
  class space    used 7643K, committed 8192K, reserved 1048576K
GC Heap History (20 events):
Event: 6,254 GC heap before
{Heap before GC invocations=25 (full 0):
 garbage-first heap   total 167936K, used 128871K [0x0000000744800000, 0x0000000800000000)
  region size 2048K, 41 young (83968K), 3 survivors (6144K)
 Metaspace       used 61447K, committed 62464K, reserved 1114112K
  class space    used 6614K, committed 7040K, reserved 1048576K
}
Event: 6,260 GC heap after
{Heap after GC invocations=26 (full 0):
 garbage-first heap   total 167936K, used 54601K [0x0000000744800000, 0x0000000800000000)
  region size 2048K, 4 young (8192K), 4 survivors (8192K)
 Metaspace       used 61447K, committed 62464K, reserved 1114112K
  class space    used 6614K, committed 7040K, reserved 1048576K
}
Event: 6,559 GC heap before
{Heap before GC invocations=26 (full 0):
 garbage-first heap   total 167936K, used 130377K [0x0000000744800000, 0x0000000800000000)
  region size 2048K, 42 young (86016K), 4 survivors (8192K)
 Metaspace       used 61849K, committed 62912K, reserved 1114112K
  class space    used 6634K, committed 7104K, reserved 1048576K
}
Event: 6,569 GC heap after
{Heap after GC invocations=27 (full 0):
 garbage-first heap   total 167936K, used 59322K [0x0000000744800000, 0x0000000800000000)
  region size 2048K, 4 young (8192K), 4 survivors (8192K)
 Metaspace       used 61849K, committed 62912K, reserved 1114112K
  class space    used 6634K, committed 7104K, reserved 1048576K
}
Event: 7,104 GC heap before
{Heap before GC invocations=27 (full 0):
 garbage-first heap   total 167936K, used 131002K [0x0000000744800000, 0x0000000800000000)
  region size 2048K, 40 young (81920K), 4 survivors (8192K)
 Metaspace       used 65554K, committed 66560K, reserved 1114112K
  class space    used 7037K, committed 7488K, reserved 1048576K
}
Event: 7,117 GC heap after
{Heap after GC invocations=28 (full 0):
 garbage-first heap   total 167936K, used 64301K [0x0000000744800000, 0x0000000800000000)
  region size 2048K, 5 young (10240K), 5 survivors (10240K)
 Metaspace       used 65554K, committed 66560K, reserved 1114112K
  class space    used 7037K, committed 7488K, reserved 1048576K
}
Event: 7,335 GC heap before
{Heap before GC invocations=28 (full 0):
 garbage-first heap   total 167936K, used 131885K [0x0000000744800000, 0x0000000800000000)
  region size 2048K, 39 young (79872K), 5 survivors (10240K)
 Metaspace       used 65652K, committed 66688K, reserved 1114112K
  class space    used 7040K, committed 7488K, reserved 1048576K
}
Event: 7,356 GC heap after
{Heap after GC invocations=29 (full 0):
 garbage-first heap   total 247808K, used 72405K [0x0000000744800000, 0x0000000800000000)
  region size 2048K, 5 young (10240K), 5 survivors (10240K)
 Metaspace       used 65652K, committed 66688K, reserved 1114112K
  class space    used 7040K, committed 7488K, reserved 1048576K
}
Event: 7,530 GC heap before
{Heap before GC invocations=29 (full 0):
 garbage-first heap   total 247808K, used 189141K [0x0000000744800000, 0x0000000800000000)
  region size 2048K, 63 young (129024K), 5 survivors (10240K)
 Metaspace       used 65881K, committed 66944K, reserved 1114112K
  class space    used 7043K, committed 7488K, reserved 1048576K
}
Event: 7,545 GC heap after
{Heap after GC invocations=30 (full 0):
 garbage-first heap   total 247808K, used 80183K [0x0000000744800000, 0x0000000800000000)
  region size 2048K, 8 young (16384K), 8 survivors (16384K)
 Metaspace       used 65881K, committed 66944K, reserved 1114112K
  class space    used 7043K, committed 7488K, reserved 1048576K
}
Event: 7,638 GC heap before
{Heap before GC invocations=30 (full 0):
 garbage-first heap   total 247808K, used 176439K [0x0000000744800000, 0x0000000800000000)
  region size 2048K, 56 young (114688K), 8 survivors (16384K)
 Metaspace       used 66922K, committed 67968K, reserved 1114112K
  class space    used 7116K, committed 7552K, reserved 1048576K
}
Event: 7,652 GC heap after
{Heap after GC invocations=31 (full 0):
 garbage-first heap   total 247808K, used 81132K [0x0000000744800000, 0x0000000800000000)
  region size 2048K, 1 young (2048K), 1 survivors (2048K)
 Metaspace       used 66922K, committed 67968K, reserved 1114112K
  class space    used 7116K, committed 7552K, reserved 1048576K
}
Event: 7,760 GC heap before
{Heap before GC invocations=31 (full 0):
 garbage-first heap   total 247808K, used 185580K [0x0000000744800000, 0x0000000800000000)
  region size 2048K, 53 young (108544K), 1 survivors (2048K)
 Metaspace       used 67410K, committed 68480K, reserved 1114112K
  class space    used 7182K, committed 7616K, reserved 1048576K
}
Event: 7,763 GC heap after
{Heap after GC invocations=32 (full 0):
 garbage-first heap   total 247808K, used 81392K [0x0000000744800000, 0x0000000800000000)
  region size 2048K, 2 young (4096K), 2 survivors (4096K)
 Metaspace       used 67410K, committed 68480K, reserved 1114112K
  class space    used 7182K, committed 7616K, reserved 1048576K
}
Event: 7,882 GC heap before
{Heap before GC invocations=32 (full 0):
 garbage-first heap   total 247808K, used 194032K [0x0000000744800000, 0x0000000800000000)
  region size 2048K, 58 young (118784K), 2 survivors (4096K)
 Metaspace       used 67415K, committed 68480K, reserved 1114112K
  class space    used 7182K, committed 7616K, reserved 1048576K
}
Event: 7,886 GC heap after
{Heap after GC invocations=33 (full 0):
 garbage-first heap   total 471040K, used 81414K [0x0000000744800000, 0x0000000800000000)
  region size 2048K, 2 young (4096K), 2 survivors (4096K)
 Metaspace       used 67415K, committed 68480K, reserved 1114112K
  class space    used 7182K, committed 7616K, reserved 1048576K
}
Event: 22,066 GC heap before
{Heap before GC invocations=33 (full 0):
 garbage-first heap   total 471040K, used 357894K [0x0000000744800000, 0x0000000800000000)
  region size 2048K, 138 young (282624K), 2 survivors (4096K)
 Metaspace       used 69535K, committed 70656K, reserved 1114112K
  class space    used 7386K, committed 7872K, reserved 1048576K
}
Event: 22,080 GC heap after
{Heap after GC invocations=34 (full 0):
 garbage-first heap   total 471040K, used 89324K [0x0000000744800000, 0x0000000800000000)
  region size 2048K, 5 young (10240K), 5 survivors (10240K)
 Metaspace       used 69535K, committed 70656K, reserved 1114112K
  class space    used 7386K, committed 7872K, reserved 1048576K
}
Event: 190,666 GC heap before
{Heap before GC invocations=34 (full 0):
 garbage-first heap   total 471040K, used 359660K [0x0000000744800000, 0x0000000800000000)
  region size 2048K, 138 young (282624K), 5 survivors (10240K)
 Metaspace       used 72691K, committed 73792K, reserved 1179648K
  class space    used 7632K, committed 8128K, reserved 1048576K
}
Event: 190,682 GC heap after
{Heap after GC invocations=35 (full 0):
 garbage-first heap   total 471040K, used 91594K [0x0000000744800000, 0x0000000800000000)
  region size 2048K, 7 young (14336K), 7 survivors (14336K)
 Metaspace       used 72691K, committed 73792K, reserved 1179648K
  class space    used 7632K, committed 8128K, reserved 1048576K
}

