# JRE version: OpenJDK Runtime Environment Temurin-17.0.7+7 (17.0.7+7) (build 17.0.7+7)
# Java VM: OpenJDK 64-Bit Server VM Temurin-17.0.7+7 (17.0.7+7, mixed mode, emulated-client, tiered, compressed oops, compressed class ptrs, g1 gc, linux-amd64)
GC Precious Log:
 CPUs: 8 total, 8 available
 Memory: 11994M
 Large Page Support: Disabled
 NUMA Support: Disabled
 Compressed Oops: Enabled (32-bit)
 Heap Region Size: 1M
 Heap Min Capacity: 8M
 Heap Initial Capacity: 188M
 Heap Max Capacity: 1G
 Pre-touch: Disabled
 Parallel Workers: 8
 Concurrent Workers: 2
 Concurrent Refinement Workers: 8
 Periodic GC: Disabled
Heap:
 garbage-first heap   total 546816K, used 414958K [0x00000000c0000000, 0x0000000100000000)
  region size 1024K, 305 young (312320K), 17 survivors (17408K)
 Metaspace       used 49030K, committed 49536K, reserved 1114112K
  class space    used 6228K, committed 6464K, reserved 1048576K
GC Heap History (20 events):
Event: 4,675 GC heap after
{Heap after GC invocations=13 (full 0):
 garbage-first heap   total 71680K, used 39424K [0x00000000c0000000, 0x0000000100000000)
  region size 1024K, 3 young (3072K), 3 survivors (3072K)
 Metaspace       used 40371K, committed 40768K, reserved 1114112K
  class space    used 5297K, committed 5440K, reserved 1048576K
}
Event: 4,745 GC heap before
{Heap before GC invocations=14 (full 0):
 garbage-first heap   total 87040K, used 53760K [0x00000000c0000000, 0x0000000100000000)
  region size 1024K, 17 young (17408K), 3 survivors (3072K)
 Metaspace       used 40521K, committed 40896K, reserved 1114112K
  class space    used 5315K, committed 5504K, reserved 1048576K
}
Event: 4,760 GC heap after
{Heap after GC invocations=15 (full 0):
 garbage-first heap   total 87040K, used 41883K [0x00000000c0000000, 0x0000000100000000)
  region size 1024K, 3 young (3072K), 3 survivors (3072K)
 Metaspace       used 40521K, committed 40896K, reserved 1114112K
  class space    used 5315K, committed 5504K, reserved 1048576K
}
Event: 4,842 GC heap before
{Heap before GC invocations=15 (full 0):
 garbage-first heap   total 87040K, used 63387K [0x00000000c0000000, 0x0000000100000000)
  region size 1024K, 25 young (25600K), 3 survivors (3072K)
 Metaspace       used 41094K, committed 41536K, reserved 1114112K
  class space    used 5329K, committed 5568K, reserved 1048576K
}
Event: 4,855 GC heap after
{Heap after GC invocations=16 (full 0):
 garbage-first heap   total 261120K, used 46207K [0x00000000c0000000, 0x0000000100000000)
  region size 1024K, 4 young (4096K), 4 survivors (4096K)
 Metaspace       used 41094K, committed 41536K, reserved 1114112K
  class space    used 5329K, committed 5568K, reserved 1048576K
}
Event: 5,309 GC heap before
{Heap before GC invocations=17 (full 0):
 garbage-first heap   total 211968K, used 170111K [0x00000000c0000000, 0x0000000100000000)
  region size 1024K, 125 young (128000K), 4 survivors (4096K)
 Metaspace       used 43965K, committed 44416K, reserved 1114112K
  class space    used 5682K, committed 5888K, reserved 1048576K
}
Event: 5,376 GC heap after
{Heap after GC invocations=18 (full 0):
 garbage-first heap   total 211968K, used 81895K [0x00000000c0000000, 0x0000000100000000)
  region size 1024K, 16 young (16384K), 16 survivors (16384K)
 Metaspace       used 43965K, committed 44416K, reserved 1114112K
  class space    used 5682K, committed 5888K, reserved 1048576K
}
Event: 5,385 GC heap before
{Heap before GC invocations=18 (full 0):
 garbage-first heap   total 211968K, used 81895K [0x00000000c0000000, 0x0000000100000000)
  region size 1024K, 17 young (17408K), 16 survivors (16384K)
 Metaspace       used 43983K, committed 44416K, reserved 1114112K
  class space    used 5688K, committed 5888K, reserved 1048576K
}
Event: 5,408 GC heap after
{Heap after GC invocations=19 (full 0):
 garbage-first heap   total 211968K, used 85010K [0x00000000c0000000, 0x0000000100000000)
  region size 1024K, 2 young (2048K), 2 survivors (2048K)
 Metaspace       used 43983K, committed 44416K, reserved 1114112K
  class space    used 5688K, committed 5888K, reserved 1048576K
}
Event: 5,453 GC heap before
{Heap before GC invocations=19 (full 0):
 garbage-first heap   total 211968K, used 134162K [0x00000000c0000000, 0x0000000100000000)
  region size 1024K, 50 young (51200K), 2 survivors (2048K)
 Metaspace       used 44424K, committed 44928K, reserved 1114112K
  class space    used 5722K, committed 5952K, reserved 1048576K
}
Event: 5,458 GC heap after
{Heap after GC invocations=20 (full 0):
 garbage-first heap   total 211968K, used 87941K [0x00000000c0000000, 0x0000000100000000)
  region size 1024K, 4 young (4096K), 4 survivors (4096K)
 Metaspace       used 44424K, committed 44928K, reserved 1114112K
  class space    used 5722K, committed 5952K, reserved 1048576K
}
Event: 5,484 GC heap before
{Heap before GC invocations=20 (full 0):
 garbage-first heap   total 211968K, used 141189K [0x00000000c0000000, 0x0000000100000000)
  region size 1024K, 57 young (58368K), 4 survivors (4096K)
 Metaspace       used 44431K, committed 44928K, reserved 1114112K
  class space    used 5724K, committed 5952K, reserved 1048576K
}
Event: 5,491 GC heap after
{Heap after GC invocations=21 (full 0):
 garbage-first heap   total 211968K, used 92486K [0x00000000c0000000, 0x0000000100000000)
  region size 1024K, 8 young (8192K), 8 survivors (8192K)
 Metaspace       used 44431K, committed 44928K, reserved 1114112K
  class space    used 5724K, committed 5952K, reserved 1048576K
}
Event: 5,524 GC heap before
{Heap before GC invocations=21 (full 0):
 garbage-first heap   total 211968K, used 149830K [0x00000000c0000000, 0x0000000100000000)
  region size 1024K, 66 young (67584K), 8 survivors (8192K)
 Metaspace       used 44531K, committed 44992K, reserved 1114112K
  class space    used 5731K, committed 5952K, reserved 1048576K
}
Event: 5,536 GC heap after
{Heap after GC invocations=22 (full 0):
 garbage-first heap   total 546816K, used 95576K [0x00000000c0000000, 0x0000000100000000)
  region size 1024K, 8 young (8192K), 8 survivors (8192K)
 Metaspace       used 44531K, committed 44992K, reserved 1114112K
  class space    used 5731K, committed 5952K, reserved 1048576K
}
Event: 5,944 GC heap before
{Heap before GC invocations=22 (full 0):
 garbage-first heap   total 546816K, used 378200K [0x00000000c0000000, 0x0000000100000000)
  region size 1024K, 285 young (291840K), 8 survivors (8192K)
 Metaspace       used 45331K, committed 45824K, reserved 1114112K
  class space    used 5796K, committed 6016K, reserved 1048576K
}
Event: 5,964 GC heap after
{Heap after GC invocations=23 (full 0):
 garbage-first heap   total 546816K, used 106929K [0x00000000c0000000, 0x0000000100000000)
  region size 1024K, 19 young (19456K), 19 survivors (19456K)
 Metaspace       used 45331K, committed 45824K, reserved 1114112K
  class space    used 5796K, committed 6016K, reserved 1048576K
}
Event: 6,242 GC heap before
{Heap before GC invocations=23 (full 0):
 garbage-first heap   total 546816K, used 405937K [0x00000000c0000000, 0x0000000100000000)
  region size 1024K, 313 young (320512K), 19 survivors (19456K)
 Metaspace       used 47975K, committed 48384K, reserved 1114112K
  class space    used 6088K, committed 6272K, reserved 1048576K
}
Event: 6,292 GC heap after
{Heap after GC invocations=24 (full 0):
 garbage-first heap   total 546816K, used 120046K [0x00000000c0000000, 0x0000000100000000)
  region size 1024K, 32 young (32768K), 32 survivors (32768K)
 Metaspace       used 47975K, committed 48384K, reserved 1114112K
  class space    used 6088K, committed 6272K, reserved 1048576K
}
Event: 6,483 GC heap before
{Heap before GC invocations=24 (full 0):
 garbage-first heap   total 546816K, used 413934K [0x00000000c0000000, 0x0000000100000000)
  region size 1024K, 320 young (327680K), 32 survivors (32768K)
 Metaspace       used 49030K, committed 49536K, reserved 1114112K
  class space    used 6228K, committed 6464K, reserved 1048576K
}

