# JRE version: OpenJDK Runtime Environment Temurin-17.0.7+7 (17.0.7+7) (build 17.0.7+7)
# Java VM: OpenJDK 64-Bit Server VM Temurin-17.0.7+7 (17.0.7+7, mixed mode, tiered, compressed oops, compressed class ptrs, g1 gc, linux-amd64)
GC Precious Log:
 CPUs: 8 total, 8 available
 Memory: 11994M
 Large Page Support: Disabled
 NUMA Support: Disabled
 Compressed Oops: Enabled (Zero based)
 Heap Region Size: 2M
 Heap Min Capacity: 8M
 Heap Initial Capacity: 188M
 Heap Max Capacity: 3000M
 Pre-touch: Disabled
 Parallel Workers: 8
 Concurrent Workers: 2
 Concurrent Refinement Workers: 8
 Periodic GC: Disabled
Heap:
 garbage-first heap   total 118784K, used 66989K [0x0000000744800000, 0x0000000800000000)
  region size 2048K, 29 young (59392K), 2 survivors (4096K)
 Metaspace       used 35160K, committed 35968K, reserved 1114112K
  class space    used 3594K, committed 3968K, reserved 1048576K
GC Heap History (13 events):
Event: 0,555 GC heap before
{Heap before GC invocations=0 (full 0):
 garbage-first heap   total 192512K, used 20480K [0x0000000744800000, 0x0000000800000000)
  region size 2048K, 11 young (22528K), 0 survivors (0K)
 Metaspace       used 10656K, committed 10816K, reserved 1114112K
  class space    used 1073K, committed 1152K, reserved 1048576K
}
Event: 0,565 GC heap after
{Heap after GC invocations=1 (full 0):
 garbage-first heap   total 192512K, used 3136K [0x0000000744800000, 0x0000000800000000)
  region size 2048K, 2 young (4096K), 2 survivors (4096K)
 Metaspace       used 10656K, committed 10816K, reserved 1114112K
  class space    used 1073K, committed 1152K, reserved 1048576K
}
Event: 1,107 GC heap before
{Heap before GC invocations=1 (full 0):
 garbage-first heap   total 192512K, used 35904K [0x0000000744800000, 0x0000000800000000)
  region size 2048K, 19 young (38912K), 2 survivors (4096K)
 Metaspace       used 16801K, committed 17088K, reserved 1114112K
  class space    used 1732K, committed 1856K, reserved 1048576K
}
Event: 1,119 GC heap after
{Heap after GC invocations=2 (full 0):
 garbage-first heap   total 192512K, used 6015K [0x0000000744800000, 0x0000000800000000)
  region size 2048K, 3 young (6144K), 3 survivors (6144K)
 Metaspace       used 16801K, committed 17088K, reserved 1114112K
  class space    used 1732K, committed 1856K, reserved 1048576K
}
Event: 1,479 GC heap before
{Heap before GC invocations=2 (full 0):
 garbage-first heap   total 192512K, used 28543K [0x0000000744800000, 0x0000000800000000)
  region size 2048K, 15 young (30720K), 3 survivors (6144K)
 Metaspace       used 21067K, committed 21504K, reserved 1114112K
  class space    used 2150K, committed 2368K, reserved 1048576K
}
Event: 1,487 GC heap after
{Heap after GC invocations=3 (full 0):
 garbage-first heap   total 192512K, used 8999K [0x0000000744800000, 0x0000000800000000)
  region size 2048K, 5 young (10240K), 5 survivors (10240K)
 Metaspace       used 21067K, committed 21504K, reserved 1114112K
  class space    used 2150K, committed 2368K, reserved 1048576K
}
Event: 1,692 GC heap before
{Heap before GC invocations=4 (full 0):
 garbage-first heap   total 40960K, used 27431K [0x0000000744800000, 0x0000000800000000)
  region size 2048K, 15 young (30720K), 5 survivors (10240K)
 Metaspace       used 23186K, committed 23616K, reserved 1114112K
  class space    used 2403K, committed 2560K, reserved 1048576K
}
Event: 1,712 GC heap after
{Heap after GC invocations=5 (full 0):
 garbage-first heap   total 43008K, used 10307K [0x0000000744800000, 0x0000000800000000)
  region size 2048K, 4 young (8192K), 4 survivors (8192K)
 Metaspace       used 23186K, committed 23616K, reserved 1114112K
  class space    used 2403K, committed 2560K, reserved 1048576K
}
Event: 1,921 GC heap before
{Heap before GC invocations=5 (full 0):
 garbage-first heap   total 43008K, used 26691K [0x0000000744800000, 0x0000000800000000)
  region size 2048K, 12 young (24576K), 4 survivors (8192K)
 Metaspace       used 25836K, committed 26496K, reserved 1114112K
  class space    used 2712K, committed 3008K, reserved 1048576K
}
Event: 1,930 GC heap after
{Heap after GC invocations=6 (full 0):
 garbage-first heap   total 43008K, used 11703K [0x0000000744800000, 0x0000000800000000)
  region size 2048K, 2 young (4096K), 2 survivors (4096K)
 Metaspace       used 25836K, committed 26496K, reserved 1114112K
  class space    used 2712K, committed 3008K, reserved 1048576K
}
Event: 2,039 GC heap before
{Heap before GC invocations=6 (full 0):
 garbage-first heap   total 43008K, used 28087K [0x0000000744800000, 0x0000000800000000)
  region size 2048K, 10 young (20480K), 2 survivors (4096K)
 Metaspace       used 27588K, committed 28288K, reserved 1114112K
  class space    used 2809K, committed 3136K, reserved 1048576K
}
Event: 2,043 GC heap after
{Heap after GC invocations=7 (full 0):
 garbage-first heap   total 118784K, used 11803K [0x0000000744800000, 0x0000000800000000)
  region size 2048K, 1 young (2048K), 1 survivors (2048K)
 Metaspace       used 27588K, committed 28288K, reserved 1114112K
  class space    used 2809K, committed 3136K, reserved 1048576K
}
Event: 2,586 GC heap before
{Heap before GC invocations=7 (full 0):
 garbage-first heap   total 118784K, used 65051K [0x0000000744800000, 0x0000000800000000)
  region size 2048K, 28 young (57344K), 1 survivors (2048K)
 Metaspace       used 35160K, committed 35968K, reserved 1114112K
  class space    used 3594K, committed 3968K, reserved 1048576K
}

